<?xml version="1.0" encoding="UTF-8"?>
<!-- Generated by org.testng.reporters.JUnitReportReporter -->
<testsuite hostname="DESKTOP-A7MS0QU" failures="0" tests="7" name="com.jupitertoys.testcase.jupiterToys_Test" time="205.665" errors="0" timestamp="2022-11-10T21:18:12 PST" skipped="0">
  <testcase classname="com.jupitertoys.testcase.jupiterToys_Test" name="testCase2" time="27.828"/>
  <system-out/>
  <testcase classname="com.jupitertoys.testcase.jupiterToys_Test" name="testCase2" time="35.727"/>
  <system-out/>
  <testcase classname="com.jupitertoys.testcase.jupiterToys_Test" name="testCase2" time="18.517"/>
  <system-out/>
  <testcase classname="com.jupitertoys.testcase.jupiterToys_Test" name="testCase3" time="34.787"/>
  <system-out/>
  <testcase classname="com.jupitertoys.testcase.jupiterToys_Test" name="testCase1" time="21.343"/>
  <system-out/>
  <testcase classname="com.jupitertoys.testcase.jupiterToys_Test" name="testCase2" time="36.558"/>
  <system-out/>
  <testcase classname="com.jupitertoys.testcase.jupiterToys_Test" name="testCase2" time="30.905"/>
  <system-out/>
</testsuite> <!-- com.jupitertoys.testcase.jupiterToys_Test -->
